[2025-03-25T16:23:16.014Z] [ERROR] Unit tests failed
[2025-03-25T16:23:16.014Z] [ERROR] Unit tests failed
[2025-03-25T16:24:26.643Z] [ERROR] Unit tests failed
[2025-03-25T16:24:26.644Z] [ERROR] Unit tests failed
